2024-12-14 15:53:28,544 CRIT Supervisor is running as root.  Privileges were not dropped because no user is specified in the config file.  If you intend to run as root, you can set user=root in the config file to avoid this message.
2024-12-14 15:53:28,545 INFO supervisord started with pid 1
2024-12-14 15:53:29,555 INFO spawned: 'php-fpm' with pid 7
2024-12-14 15:53:30,606 INFO success: php-fpm entered RUNNING state, process has stayed up for > than 1 seconds (startsecs)
2024-12-14 15:55:37,034 WARN received SIGQUIT indicating exit request
2024-12-14 15:55:37,036 INFO waiting for php-fpm to die
2024-12-14 15:55:38,055 INFO stopped: php-fpm (exit status 0)
2024-12-14 16:08:44,146 INFO supervisord started with pid 1
2024-12-14 16:08:45,150 INFO spawnerr: unknown error making dispatchers for 'php-fpm': EACCES
2024-12-14 16:08:46,155 INFO spawnerr: unknown error making dispatchers for 'php-fpm': EACCES
2024-12-14 16:08:48,163 INFO spawnerr: unknown error making dispatchers for 'php-fpm': EACCES
2024-12-14 16:08:51,174 INFO spawnerr: unknown error making dispatchers for 'php-fpm': EACCES
2024-12-14 16:08:51,174 INFO gave up: php-fpm entered FATAL state, too many start retries too quickly
2024-12-14 16:14:52,707 WARN received SIGQUIT indicating exit request
2024-12-14 16:18:11,094 CRIT Supervisor is running as root.  Privileges were not dropped because no user is specified in the config file.  If you intend to run as root, you can set user=root in the config file to avoid this message.
2024-12-14 16:18:11,096 INFO supervisord started with pid 1
2024-12-14 16:18:12,104 INFO spawned: 'php-fpm' with pid 7
2024-12-14 16:18:13,148 INFO success: php-fpm entered RUNNING state, process has stayed up for > than 1 seconds (startsecs)
2024-12-14 16:36:39,189 WARN received SIGQUIT indicating exit request
2024-12-14 16:36:39,194 INFO waiting for php-fpm to die
2024-12-14 16:36:40,219 INFO stopped: php-fpm (exit status 0)
